{
  "RSpec": {
    "coverage": {
      "/home/gabriel/Desktop/Códigos/rails/helpjuice/helpjuice_test/spec/models/article_spec.rb": [
        1,
        null,
        1,
        1,
        1,
        1,
        1,
        1,
        null,
        null,
        null
      ],
      "/home/gabriel/Desktop/Códigos/rails/helpjuice/helpjuice_test/spec/rails_helper.rb": [
        null,
        1,
        1,
        1,
        null,
        1,
        1,
        null,
        null,
        null,
        null,
        null,
        null,
        null,
        null,
        null,
        null,
        null,
        null,
        null,
        null,
        null,
        null,
        null,
        null,
        null,
        1,
        null,
        1,
        null,
        1,
        null,
        null,
        null,
        null,
        1,
        null,
        null,
        null,
        null,
        null,
        null,
        null,
        null,
        null,
        null,
        null,
        null,
        null,
        null,
        1,
        null,
        null,
        1,
        null,
        null,
        null
      ],
      "/home/gabriel/Desktop/Códigos/rails/helpjuice/helpjuice_test/config/environment.rb": [
        null,
        1,
        null,
        null,
        1
      ],
      "/home/gabriel/Desktop/Códigos/rails/helpjuice/helpjuice_test/config/application.rb": [
        1,
        null,
        1,
        null,
        null,
        null,
        1,
        null,
        1,
        1,
        null,
        null,
        null,
        null,
        null
      ],
      "/home/gabriel/Desktop/Códigos/rails/helpjuice/helpjuice_test/config/boot.rb": [
        1,
        null,
        1
      ],
      "/home/gabriel/Desktop/Códigos/rails/helpjuice/helpjuice_test/config/environments/test.rb": [
        1,
        null,
        null,
        null,
        null,
        null,
        null,
        1,
        null,
        null,
        null,
        null,
        1,
        null,
        null,
        1,
        1,
        null,
        null,
        null,
        null,
        1,
        1,
        null,
        null,
        1,
        null,
        null,
        1,
        1,
        null,
        null,
        null,
        null,
        1,
        null,
        null,
        1,
        null,
        null,
        null,
        null
      ],
      "/home/gabriel/Desktop/Códigos/rails/helpjuice/helpjuice_test/config/initializers/application_controller_renderer.rb": [
        null,
        null,
        null,
        null,
        null,
        null
      ],
      "/home/gabriel/Desktop/Códigos/rails/helpjuice/helpjuice_test/config/initializers/assets.rb": [
        null,
        null,
        null,
        1,
        null,
        null,
        null,
        null,
        null,
        null,
        null,
        1,
        1
      ],
      "/home/gabriel/Desktop/Códigos/rails/helpjuice/helpjuice_test/config/initializers/backtrace_silencers.rb": [
        null,
        null,
        null,
        null,
        null,
        null,
        null
      ],
      "/home/gabriel/Desktop/Códigos/rails/helpjuice/helpjuice_test/config/initializers/cookies_serializer.rb": [
        null,
        null,
        null,
        null,
        1
      ],
      "/home/gabriel/Desktop/Códigos/rails/helpjuice/helpjuice_test/config/initializers/filter_parameter_logging.rb": [
        null,
        null,
        null,
        1
      ],
      "/home/gabriel/Desktop/Códigos/rails/helpjuice/helpjuice_test/config/initializers/inflections.rb": [
        null,
        null,
        null,
        null,
        null,
        null,
        null,
        null,
        null,
        null,
        null,
        null,
        null,
        null,
        null,
        null
      ],
      "/home/gabriel/Desktop/Códigos/rails/helpjuice/helpjuice_test/config/initializers/mime_types.rb": [
        null,
        null,
        null,
        null
      ],
      "/home/gabriel/Desktop/Códigos/rails/helpjuice/helpjuice_test/config/initializers/new_framework_defaults.rb": [
        null,
        null,
        null,
        null,
        null,
        null,
        null,
        1,
        null,
        null,
        1,
        null,
        null,
        null,
        1,
        null,
        null,
        1,
        null,
        null,
        1,
        null,
        null,
        1
      ],
      "/home/gabriel/Desktop/Códigos/rails/helpjuice/helpjuice_test/config/initializers/session_store.rb": [
        null,
        null,
        1
      ],
      "/home/gabriel/Desktop/Códigos/rails/helpjuice/helpjuice_test/config/initializers/wrap_parameters.rb": [
        null,
        null,
        null,
        null,
        null,
        null,
        1,
        2,
        null,
        null,
        null,
        null,
        null,
        null
      ],
      "/home/gabriel/Desktop/Códigos/rails/helpjuice/helpjuice_test/app/helpers/application_helper.rb": [
        1,
        null
      ],
      "/home/gabriel/Desktop/Códigos/rails/helpjuice/helpjuice_test/app/helpers/home_helper.rb": [
        1,
        null
      ],
      "/home/gabriel/Desktop/Códigos/rails/helpjuice/helpjuice_test/config/routes.rb": [
        1,
        1,
        null,
        null,
        1,
        null,
        null,
        1,
        null,
        null,
        1,
        null,
        1,
        null
      ],
      "/home/gabriel/Desktop/Códigos/rails/helpjuice/helpjuice_test/app/models/article.rb": [
        null,
        1,
        1,
        null,
        2,
        null,
        1,
        0,
        0,
        0,
        null,
        0,
        null,
        null,
        null,
        1,
        0,
        null,
        null,
        1,
        0,
        0,
        0,
        0,
        0,
        0,
        0,
        null,
        0,
        null,
        null,
        1,
        null,
        1,
        0,
        null,
        null,
        1,
        0,
        0,
        0,
        null,
        0,
        null,
        null,
        null,
        1,
        0,
        0,
        null,
        null,
        1,
        0,
        0,
        null,
        null,
        1,
        0,
        null,
        null
      ],
      "/home/gabriel/Desktop/Códigos/rails/helpjuice/helpjuice_test/app/models/application_record.rb": [
        1,
        1,
        null
      ]
    },
    "timestamp": 1505257788
  }
}
